<?xml version="1.0" encoding="UTF-8"?>
<!-- Generated by org.testng.reporters.JUnitReportReporter -->
<testsuite skipped="0" hostname="NB-OHERRERA" name="contratacion_test.TestNegociacionEvento" tests="2" failures="0" timestamp="25 sep 2019 20:47:43 GMT" time="64.289" errors="0">
  <testcase name="IngresarDatosLogin" time="3.507" classname="contratacion_test.TestNegociacionEvento"/>
  <testcase name="ingresoDatosPrestador" time="60.782" classname="contratacion_test.TestNegociacionEvento"/>
</testsuite> <!-- contratacion_test.TestNegociacionEvento -->
