<?xml version="1.0" encoding="UTF-8"?>
<!-- Generated by org.testng.reporters.JUnitReportReporter -->
<testsuite skipped="0" hostname="NB-OHERRERA" name="contratacion_test.TestLogin" tests="1" failures="0" timestamp="17 sep 2019 20:56:52 GMT" time="2.246" errors="0">
  <testcase name="IngresarDatosLogin" time="2.246" classname="contratacion_test.TestLogin"/>
</testsuite> <!-- contratacion_test.TestLogin -->
