<?xml version="1.0" encoding="UTF-8"?>
<!-- Generated by org.testng.reporters.JUnitReportReporter -->
<testsuite skipped="0" hostname="DESKTOP-2TN775A" name="test.TestPortafolioEvento" tests="1" failures="0" timestamp="2019-09-28T22:26:38 COT" time="85.812" errors="0">
  <testcase name="ingresoDatosPrestador" time="85.812" classname="test.TestPortafolioEvento"/>
</testsuite> <!-- test.TestPortafolioEvento -->
