<?xml version="1.0" encoding="UTF-8"?>
<!-- Generated by org.testng.reporters.JUnitReportReporter -->
<testsuite skipped="0" hostname="NB-OHERRERA" name="portafolioEvento_test.TestSavia" tests="1" failures="0" timestamp="27 sep 2019 22:21:03 GMT" time="70.640" errors="0">
  <testcase name="ingresoDatosPrestador" time="70.640" classname="portafolioEvento_test.TestSavia"/>
</testsuite> <!-- portafolioEvento_test.TestSavia -->
