<?xml version="1.0" encoding="UTF-8"?>
<!-- Generated by org.testng.reporters.JUnitReportReporter -->
<testsuite skipped="0" hostname="DESKTOP-2TN775A" name="test.TestPortafolioEvento" tests="1" failures="0" timestamp="2019-09-29T19:15:11 COT" time="82.451" errors="0">
  <testcase name="ingresoDatosPrestador" time="82.451" classname="test.TestPortafolioEvento"/>
</testsuite> <!-- test.TestPortafolioEvento -->
